1613166270223	geckodriver	INFO	Listening on 127.0.0.1:54597
1613166270227	mozrunner::runner	INFO	Running command: "/usr/bin/firefox" "--marionette" "-foreground" "-no-remote" "-profile" "/tmp/rust_mozprofileRDDNBA"
console.warn: SearchSettings: "get: No settings file exists, new profile?" (new Error("", "(unknown module)"))
console.warn: SearchSettings: "get: No settings file exists, new profile?" (new Error("", "(unknown module)"))
1613166272945	Marionette	INFO	Listening on port 42951
1613166273052	Marionette	WARN	TLS certificate errors will be ignored for this session
1613166273064	Marionette	ERROR	[15] No reply from Marionette:Register
JavaScript error: resource://gre/actors/AutoCompleteChild.jsm, line 125: Error: Invalid autocomplete selectedIndex
Exiting due to channel error.
Exiting due to channel error.
Exiting due to channel error.
1613166468439	geckodriver	INFO	Listening on 127.0.0.1:57199
1613166468443	mozrunner::runner	INFO	Running command: "/usr/bin/firefox" "--marionette" "-foreground" "-no-remote" "-profile" "/tmp/rust_mozprofileHDJb1G"
console.warn: SearchSettings: "get: No settings file exists, new profile?" (new Error("", "(unknown module)"))
1613166470760	Marionette	INFO	Listening on port 36933
console.warn: SearchSettings: "get: No settings file exists, new profile?" (new Error("", "(unknown module)"))
1613166470867	Marionette	WARN	TLS certificate errors will be ignored for this session
1613166470880	Marionette	ERROR	[15] No reply from Marionette:Register
JavaScript error: resource://gre/actors/AutoCompleteChild.jsm, line 125: Error: Invalid autocomplete selectedIndex
1613166538044	geckodriver	INFO	Listening on 127.0.0.1:48471
1613166538057	mozrunner::runner	INFO	Running command: "/usr/bin/firefox" "--marionette" "-foreground" "-no-remote" "-profile" "/tmp/rust_mozprofileSufs99"
console.warn: SearchSettings: "get: No settings file exists, new profile?" (new Error("", "(unknown module)"))
console.warn: SearchSettings: "get: No settings file exists, new profile?" (new Error("", "(unknown module)"))
1613166540660	Marionette	INFO	Listening on port 43485
1613166540685	Marionette	WARN	TLS certificate errors will be ignored for this session
1613166540698	Marionette	ERROR	[15] No reply from Marionette:Register
JavaScript error: resource://activity-stream/lib/ASRouter.jsm, line 987: NS_ERROR_ILLEGAL_VALUE: Component returned failure code: 0x80070057 (NS_ERROR_ILLEGAL_VALUE) [nsIObserverService.removeObserver]
1613166541947	Marionette	INFO	Stopped listening on port 43485

###!!! [Parent][RunMessage] Error: Channel closing: too late to send/recv, messages will be lost

1613166711425	Marionette	INFO	Stopped listening on port 36933

###!!! [Parent][RunMessage] Error: Channel closing: too late to send/recv, messages will be lost

1613167122962	geckodriver	INFO	Listening on 127.0.0.1:57313
1613167122966	mozrunner::runner	INFO	Running command: "/usr/bin/firefox" "--marionette" "-foreground" "-no-remote" "-profile" "/tmp/rust_mozprofileDDKrHK"
console.warn: SearchSettings: "get: No settings file exists, new profile?" (new Error("", "(unknown module)"))
1613167125584	Marionette	INFO	Listening on port 36177
console.warn: SearchSettings: "get: No settings file exists, new profile?" (new Error("", "(unknown module)"))
1613167125704	Marionette	WARN	TLS certificate errors will be ignored for this session
1613167125720	Marionette	ERROR	[15] No reply from Marionette:Register
JavaScript error: resource://gre/actors/AutoCompleteChild.jsm, line 125: Error: Invalid autocomplete selectedIndex
console.log: WebExtensions: reset-default-search: No addons in our list are installed.
1613169229154	Marionette	INFO	Stopped listening on port 36177

###!!! [Parent][RunMessage] Error: Channel closing: too late to send/recv, messages will be lost

